#
# A fatal error has been detected by the Java Runtime Environment:
#
#  Internal Error (os_windows_x86.cpp:114), pid=7124, tid=3808
#  Error: guarantee(result == -1,"Unexpected result from topLevelExceptionFilter")
#
# JRE version: 6.0_17-b04
# Java VM: Java HotSpot(TM) 64-Bit Server VM (14.3-b01 mixed mode windows-amd64 )
# If you would like to submit a bug report, please visit:
#   http://java.sun.com/webapps/bugreport/crash.jsp
# The crash happened outside the Java Virtual Machine in native code.
# See problematic frame for where to report the bug.
#

---------------  T H R E A D  ---------------

Current thread (0x0000000005c02000):  JavaThread "main" [_thread_in_native, id=3808, stack(0x0000000000100000,0x0000000004100000)]

Stack: [0x0000000000100000,0x0000000004100000]
[error occurred during error reporting (printing stack bounds), id 0xc0000005]

Java frames: (J=compiled Java code, j=interpreted, Vv=VM code)
j  com.mathworks.jmi.NativeMatlab.ProcessPendingEvents()Z+0
j  com.mathworks.jmi.NativeMatlab.processPendingEvents()Z+8
j  com.mathworks.jmi.Matlab$ProcessPendingEvents.callBooleanMethod(Ljava/lang/Object;)Z+0
j  com.mathworks.util.FactoryUtils.processPendingEvents()Z+12
j  com.mathworks.mde.desk.MLDesktop.canClose()Z+84
j  com.mathworks.mde.desk.MLDesktop$2.call()Ljava/lang/Boolean;+4
j  com.mathworks.mde.desk.MLDesktop$2.call()Ljava/lang/Object;+1
j  com.mathworks.jmi.Matlab.isOkToExit()Z+54
v  ~StubRoutines::call_stub
j  com.mathworks.jmi.NativeMatlab.SendMatlabMessage(Ljava/lang/Object;)Ljava/lang/Object;+0
j  com.mathworks.jmi.NativeMatlab.sendMatlabMessage(Ljava/lang/Object;)Ljava/lang/Object;+22
j  com.mathworks.jmi.MatlabLooper.sendMatlabMessage(Lcom/mathworks/services/message/MWMessage;)Ljava/lang/Object;+20
j  com.mathworks.jmi.Matlab.mtFevalConsoleOutput(Ljava/lang/String;[Ljava/lang/Object;I)Ljava/lang/Object;+58
j  com.mathworks.mde.desk.MLDesktop$8.run()V+14
j  com.mathworks.jmi.NativeMatlab.dispatchMTRequests(Z)V+57
v  ~StubRoutines::call_stub

---------------  P R O C E S S  ---------------

Java Threads: ( => current thread )
  0x0000000061327000 JavaThread "Explorer NavigationContext request queue" [_thread_blocked, id=1644, stack(0x0000000029260000,0x00000000292e0000)]
  0x0000000061322800 JavaThread "Foxtrot Single Worker Thread #1" daemon [_thread_blocked, id=7972, stack(0x0000000029310000,0x0000000029390000)]
  0x000000006132b800 JavaThread "Active Reference Queue Daemon" daemon [_thread_blocked, id=720, stack(0x0000000064fd0000,0x0000000065050000)]
  0x0000000061328800 JavaThread "Timer-34" daemon [_thread_blocked, id=3976, stack(0x00000000408f0000,0x0000000040970000)]
  0x0000000061322000 JavaThread "Prefs Updater" daemon [_thread_blocked, id=2396, stack(0x0000000025420000,0x00000000254a0000)]
  0x000000006132a000 JavaThread "MultiThreadedHttpConnectionManager cleanup" daemon [_thread_blocked, id=7224, stack(0x000000000ff70000,0x000000000fff0000)]
  0x0000000061329000 JavaThread "Timer-7" daemon [_thread_blocked, id=6312, stack(0x000000004ca10000,0x000000004ca90000)]
  0x0000000061325800 JavaThread "AddressBar directory emptiness poller" [_thread_blocked, id=1684, stack(0x0000000065060000,0x00000000650e0000)]
  0x0000000061325000 JavaThread "Explorer Refresh Service 375753662" [_thread_blocked, id=5540, stack(0x0000000064f20000,0x0000000064fa0000)]
  0x0000000061323800 JavaThread "Timer-1" daemon [_thread_blocked, id=7432, stack(0x0000000064ba0000,0x0000000064c20000)]
  0x0000000061320800 JavaThread "TimerQueue" daemon [_thread_blocked, id=2276, stack(0x000000000fe10000,0x000000000fe90000)]
  0x0000000061320000 JavaThread "Thread-5" daemon [_thread_blocked, id=5532, stack(0x000000000fee0000,0x000000000ff60000)]
  0x000000006131f000 JavaThread "FelixPackageAdmin" daemon [_thread_blocked, id=3952, stack(0x000000000fd80000,0x000000000fe00000)]
  0x00000000614b4800 JavaThread "FelixStartLevel" daemon [_thread_blocked, id=7248, stack(0x0000000008830000,0x00000000088b0000)]
  0x0000000061052000 JavaThread "FelixDispatchQueue" daemon [_thread_blocked, id=7232, stack(0x000000000fcf0000,0x000000000fd70000)]
  0x00000000610da000 JavaThread "AWT-EventQueue-0" [_thread_in_native, id=7400, stack(0x000000000ebf0000,0x000000000ec70000)]
  0x000000006104d000 JavaThread "com.google.common.base.internal.Finalizer" daemon [_thread_blocked, id=568, stack(0x000000000faf0000,0x000000000fb70000)]
  0x0000000060f9d800 JavaThread "AWT-Windows" daemon [_thread_in_native, id=6412, stack(0x000000000dd70000,0x000000000ddf0000)]
  0x0000000060f9d000 JavaThread "AWT-Shutdown" [_thread_blocked, id=5012, stack(0x000000000dbd0000,0x000000000dc50000)]
  0x0000000005cbe800 JavaThread "Java2D Disposer" daemon [_thread_blocked, id=6968, stack(0x000000000dc70000,0x000000000dcf0000)]
  0x000000000f931800 JavaThread "Timer-0" [_thread_blocked, id=6276, stack(0x000000000daf0000,0x000000000db70000)]
  0x000000000f83a000 JavaThread "EventMgr Dispatcher" daemon [_thread_in_native, id=7292, stack(0x0000000008e30000,0x000000000ce30000)]
  0x000000000ea4e800 JavaThread "Low Memory Detector" daemon [_thread_blocked, id=3904, stack(0x000000000ee60000,0x000000000eee0000)]
  0x000000000ea4b000 JavaThread "CompilerThread1" daemon [_thread_blocked, id=6632, stack(0x0000000058d80000,0x000000005cd80000)]
  0x000000000ea3c000 JavaThread "CompilerThread0" daemon [_thread_blocked, id=7264, stack(0x0000000054ba0000,0x0000000058ba0000)]
  0x000000000ea3a800 JavaThread "Attach Listener" daemon [_thread_blocked, id=5800, stack(0x000000000ed30000,0x000000000edb0000)]
  0x000000000e9eb000 JavaThread "Finalizer" daemon [_thread_blocked, id=4052, stack(0x000000000edd0000,0x000000000ee50000)]
  0x0000000005cba000 JavaThread "Reference Handler" daemon [_thread_blocked, id=564, stack(0x000000000ec70000,0x000000000ecf0000)]
=>0x0000000005c02000 JavaThread "main" [_thread_in_native, id=3808, stack(0x0000000000100000,0x0000000004100000)]

Other Threads:
  0x000000000e9e2800 VMThread [stack: 0x0000000050b30000,0x0000000054b30000] [id=6536]
  0x000000000ea7a800 WatcherThread [stack: 0x000000005cde0000,0x0000000060de0000] [id=6992]

VM state:not at safepoint (normal execution)

VM Mutex/Monitor currently owned by a thread: None

Heap
 PSYoungGen      total 28288K, used 25958K [0x000000003d7d0000, 0x000000003f5e0000, 0x00000000408d0000)
  eden space 26688K, 95% used [0x000000003d7d0000,0x000000003f0a1a78,0x000000003f1e0000)
  from space 1600K, 34% used [0x000000003f1e0000,0x000000003f268000,0x000000003f370000)
  to   space 1664K, 0% used [0x000000003f440000,0x000000003f440000,0x000000003f5e0000)
 PSOldGen        total 94272K, used 61870K [0x00000000344d0000, 0x000000003a0e0000, 0x000000003d7d0000)
  object space 94272K, 65% used [0x00000000344d0000,0x000000003813bb50,0x000000003a0e0000)
 PSPermGen       total 131072K, used 76533K [0x000000002c4d0000, 0x00000000344d0000, 0x00000000344d0000)
  object space 131072K, 58% used [0x000000002c4d0000,0x0000000030f8d530,0x00000000344d0000)

Dynamic libraries:
0x000000013f4b0000 - 0x000000013f4dd000 	C:\Program Files\MATLAB\R2012b\bin\win64\MATLAB.exe
0x0000000076e90000 - 0x0000000077039000 	C:\Windows\SYSTEM32\ntdll.dll
0x0000000076d70000 - 0x0000000076e8f000 	C:\Windows\system32\kernel32.dll
0x000007fefd650000 - 0x000007fefd6bc000 	C:\Windows\system32\KERNELBASE.dll
0x0000000074460000 - 0x000000007451f000 	C:\Program Files\MATLAB\R2012b\bin\win64\libut.dll
0x00000000758a0000 - 0x000000007595c000 	C:\Program Files\MATLAB\R2012b\bin\win64\libmwi18n.dll
0x0000000180000000 - 0x000000018000b000 	C:\Program Files\MATLAB\R2012b\bin\win64\libmwresource_core.dll
0x00000000722b0000 - 0x0000000072383000 	C:\Windows\WinSxS\amd64_microsoft.vc90.crt_1fc8b3b9a1e18e3b_9.0.30729.6161_none_08e61857a83bc251\MSVCP90.dll
0x0000000072440000 - 0x00000000724e3000 	C:\Windows\WinSxS\amd64_microsoft.vc90.crt_1fc8b3b9a1e18e3b_9.0.30729.6161_none_08e61857a83bc251\MSVCR90.dll
0x000000007a170000 - 0x000000007a19c000 	C:\Program Files\MATLAB\R2012b\bin\win64\boost_filesystem-vc90-mt-1_44.dll
0x000000007a560000 - 0x000000007a569000 	C:\Program Files\MATLAB\R2012b\bin\win64\boost_system-vc90-mt-1_44.dll
0x000007fefe880000 - 0x000007fefe95b000 	C:\Windows\system32\ADVAPI32.dll
0x000007fefda50000 - 0x000007fefdaef000 	C:\Windows\system32\msvcrt.dll
0x000007fefe9d0000 - 0x000007fefe9ef000 	C:\Windows\SYSTEM32\sechost.dll
0x000007fefd890000 - 0x000007fefd9bd000 	C:\Windows\system32\RPCRT4.dll
0x000000007a010000 - 0x000000007a035000 	C:\Program Files\MATLAB\R2012b\bin\win64\LIBEXPAT.dll
0x000000006f8a0000 - 0x000000006fa91000 	C:\Program Files\MATLAB\R2012b\bin\win64\icuin44.dll
0x000000006f720000 - 0x000000006f891000 	C:\Program Files\MATLAB\R2012b\bin\win64\icuuc44.dll
0x0000000010000000 - 0x0000000010e41000 	C:\Program Files\MATLAB\R2012b\bin\win64\icudt44.dll
0x0000000073f70000 - 0x000000007411d000 	C:\Program Files\MATLAB\R2012b\bin\win64\libmwfl.dll
0x00000000043d0000 - 0x0000000004786000 	C:\Program Files\MATLAB\R2012b\bin\win64\libmwMATLAB_res.dll
0x000000007a3b0000 - 0x000000007a3c0000 	C:\Program Files\MATLAB\R2012b\bin\win64\boost_date_time-vc90-mt-1_44.dll
0x000000007a250000 - 0x000000007a263000 	C:\Program Files\MATLAB\R2012b\bin\win64\boost_signals-vc90-mt-1_44.dll
0x000000007a2d0000 - 0x000000007a2e2000 	C:\Program Files\MATLAB\R2012b\bin\win64\boost_thread-vc90-mt-1_44.dll
0x0000000004190000 - 0x000000000424d000 	C:\Program Files\MATLAB\R2012b\bin\win64\boost_log-vc90-mt-1_44.dll
0x0000000077060000 - 0x0000000077067000 	C:\Windows\system32\PSAPI.DLL
0x000007fefd840000 - 0x000007fefd88d000 	C:\Windows\system32\WS2_32.dll
0x000007fefda40000 - 0x000007fefda48000 	C:\Windows\system32\NSI.dll
0x0000000004260000 - 0x00000000042a6000 	C:\Program Files\MATLAB\R2012b\bin\win64\tbb.dll
0x000007fefee80000 - 0x000007fefee99000 	C:\Windows\system32\imagehlp.dll
0x0000000070dd0000 - 0x0000000070de3000 	C:\Program Files\MATLAB\R2012b\bin\win64\icuio44.dll
0x000007fefa550000 - 0x000007fefa675000 	C:\Windows\system32\dbghelp.dll
0x00000000769c0000 - 0x0000000076aba000 	C:\Windows\system32\USER32.dll
0x000007fefd6f0000 - 0x000007fefd757000 	C:\Windows\system32\GDI32.dll
0x000007fefe9c0000 - 0x000007fefe9ce000 	C:\Windows\system32\LPK.dll
0x000007fefe9f0000 - 0x000007fefeab9000 	C:\Windows\system32\USP10.dll
0x0000000004790000 - 0x0000000004a6c000 	C:\Program Files\MATLAB\R2012b\bin\win64\libmwservices.dll
0x0000000075a20000 - 0x0000000075af3000 	C:\Program Files\MATLAB\R2012b\bin\win64\libmx.dll
0x0000000004a90000 - 0x0000000004ab9000 	C:\Program Files\MATLAB\R2012b\bin\win64\tbbmalloc.dll
0x000000007a210000 - 0x000000007a228000 	C:\Program Files\MATLAB\R2012b\bin\win64\zlib1.dll
0x0000000004ae0000 - 0x0000000004b2d000 	C:\Program Files\MATLAB\R2012b\bin\win64\libmwregexp.dll
0x0000000004b40000 - 0x0000000004b63000 	C:\Program Files\MATLAB\R2012b\bin\win64\libmwmfl_scalar.dll
0x0000000075f10000 - 0x0000000075f60000 	C:\Program Files\MATLAB\R2012b\bin\win64\mpath.dll
0x000000007b680000 - 0x000000007bc9a000 	C:\Program Files\MATLAB\R2012b\bin\win64\mlutil.dll
0x00000000754d0000 - 0x0000000075551000 	C:\Program Files\MATLAB\R2012b\bin\win64\xmlcore.dll
0x0000000004bb0000 - 0x0000000004e03000 	C:\Program Files\MATLAB\R2012b\bin\win64\xerces-c_2_7.dll
0x0000000004e20000 - 0x0000000004e40000 	C:\Program Files\MATLAB\R2012b\bin\win64\libmwMATLAB_settings_res.dll
0x0000000004e50000 - 0x0000000004e60000 	C:\Program Files\MATLAB\R2012b\bin\win64\boost_iostreams-vc90-mt-1_44.dll
0x0000000004e70000 - 0x0000000004eb7000 	C:\Program Files\MATLAB\R2012b\bin\win64\boost_serialization-vc90-mt-1_44.dll
0x000007fefdaf0000 - 0x000007fefe878000 	C:\Windows\system32\SHELL32.dll
0x000007feff120000 - 0x000007feff191000 	C:\Windows\system32\SHLWAPI.dll
0x000007fef8b40000 - 0x000007fef8be0000 	C:\Windows\WinSxS\amd64_microsoft.windows.common-controls_6595b64144ccf1df_5.82.7601.17514_none_a4d6a923711520a9\COMCTL32.dll
0x000007fefede0000 - 0x000007fefee77000 	C:\Windows\system32\COMDLG32.dll
0x000007fefaa00000 - 0x000007fefaa16000 	C:\Windows\system32\NETAPI32.dll
0x000007fefa9f0000 - 0x000007fefa9fc000 	C:\Windows\system32\netutils.dll
0x000007fefce20000 - 0x000007fefce43000 	C:\Windows\system32\srvcli.dll
0x000007fefa9d0000 - 0x000007fefa9e5000 	C:\Windows\system32\wkscli.dll
0x000007fefebd0000 - 0x000007fefedd3000 	C:\Windows\system32\ole32.dll
0x000007fefd760000 - 0x000007fefd837000 	C:\Windows\system32\OLEAUT32.dll
0x0000000074970000 - 0x0000000074a31000 	C:\Program Files\MATLAB\R2012b\bin\win64\mcr.dll
0x0000000075000000 - 0x00000000753e9000 	C:\Program Files\MATLAB\R2012b\bin\win64\iqm.dll
0x0000000074e80000 - 0x0000000074f38000 	C:\Program Files\MATLAB\R2012b\bin\win64\m_dispatcher.dll
0x0000000074880000 - 0x000000007496d000 	C:\Program Files\MATLAB\R2012b\bin\win64\boost_regex-vc90-mt-1_44.dll
0x000007fede990000 - 0x000007fedf201000 	C:\Program Files\MATLAB\R2012b\bin\win64\m_interpreter.dll
0x0000000070d70000 - 0x0000000070d97000 	C:\Program Files\MATLAB\R2012b\bin\win64\libmex.dll
0x000000006f690000 - 0x000000006f714000 	C:\Program Files\MATLAB\R2012b\bin\win64\profiler.dll
0x0000000004f40000 - 0x00000000051aa000 	C:\Program Files\MATLAB\R2012b\bin\win64\libmwmathutil.dll
0x0000000079f40000 - 0x0000000079f6e000 	C:\Program Files\MATLAB\R2012b\bin\win64\libmwmathrng.dll
0x00000000051d0000 - 0x00000000051e2000 	C:\Program Files\MATLAB\R2012b\bin\win64\libmwmfl_rng.dll
0x0000000074c10000 - 0x0000000074cee000 	C:\Program Files\MATLAB\R2012b\bin\win64\libmwmathcore.dll
0x0000000076160000 - 0x00000000761ca000 	C:\Program Files\MATLAB\R2012b\bin\win64\libmwspmatrix.dll
0x0000000075ea0000 - 0x0000000075f02000 	C:\Program Files\MATLAB\R2012b\bin\win64\libmwcholmod.dll
0x000000007a460000 - 0x000000007a46d000 	C:\Program Files\MATLAB\R2012b\bin\win64\libmwamd.dll
0x000000007a4b0000 - 0x000000007a4bc000 	C:\Program Files\MATLAB\R2012b\bin\win64\libmwcolamd.dll
0x000000007a290000 - 0x000000007a2a9000 	C:\Program Files\MATLAB\R2012b\bin\win64\libmwblas.dll
0x000000007a310000 - 0x000000007a321000 	C:\Program Files\MATLAB\R2012b\bin\win64\libmwbinder.dll
0x000000007a4d0000 - 0x000000007a4dc000 	C:\Program Files\MATLAB\R2012b\bin\win64\libmwompwrapper.dll
0x0000000005280000 - 0x0000000005305000 	C:\Program Files\MATLAB\R2012b\bin\win64\libmwlapack.dll
0x000000006f660000 - 0x000000006f681000 	C:\Program Files\MATLAB\R2012b\bin\win64\m_pcodeio.dll
0x0000000079b10000 - 0x0000000079b77000 	C:\Program Files\MATLAB\R2012b\bin\win64\m_ir.dll
0x000000006ecc0000 - 0x000000006f330000 	C:\Program Files\MATLAB\R2012b\bin\win64\m_parser.dll
0x000000006f640000 - 0x000000006f65a000 	C:\Program Files\MATLAB\R2012b\bin\win64\ir_xfmr.dll
0x000007fee8e50000 - 0x000007fee90e6000 	C:\Program Files\MATLAB\R2012b\bin\win64\mcos.dll
0x000000006f620000 - 0x000000006f631000 	C:\Program Files\MATLAB\R2012b\bin\win64\mtok.dll
0x000000006f5e0000 - 0x000000006f611000 	C:\Program Files\MATLAB\R2012b\bin\win64\m_pcodegen.dll
0x0000000079fb0000 - 0x0000000079fe6000 	C:\Program Files\MATLAB\R2012b\bin\win64\libmwbridge.dll
0x000000006f510000 - 0x000000006f5d8000 	C:\Program Files\MATLAB\R2012b\bin\win64\udd.dll
0x000000006e990000 - 0x000000006eae2000 	C:\Program Files\MATLAB\R2012b\bin\win64\libmwgui.dll
0x000000006f4f0000 - 0x000000006f507000 	C:\Program Files\MATLAB\R2012b\bin\win64\graphics_util.dll
0x000000006ae60000 - 0x000000006b8bf000 	C:\Program Files\MATLAB\R2012b\bin\win64\hg.dll
0x00000000053e0000 - 0x0000000005448000 	C:\Program Files\MATLAB\R2012b\bin\win64\libmat.dll
0x0000000072d30000 - 0x0000000072f44000 	C:\Program Files\MATLAB\R2012b\bin\win64\hdf5dll.dll
0x0000000075710000 - 0x00000000757de000 	C:\Program Files\MATLAB\R2012b\bin\win64\jmi.dll
0x0000000005480000 - 0x000000000548d000 	C:\Program Files\MATLAB\R2012b\bin\win64\nativejava_services.dll
0x000000006f4a0000 - 0x000000006f4e6000 	C:\Program Files\MATLAB\R2012b\bin\win64\libmwhardcopy.dll
0x000000006f430000 - 0x000000006f493000 	C:\Program Files\MATLAB\R2012b\bin\win64\libuij.dll
0x000000006e4e0000 - 0x000000006e744000 	C:\Program Files\MATLAB\R2012b\bin\win64\hgdatatypes.dll
0x000000006e870000 - 0x000000006e98f000 	C:\Program Files\MATLAB\R2012b\bin\win64\hgutils.dll
0x000000006ec00000 - 0x000000006ecc0000 	C:\Program Files\MATLAB\R2012b\bin\win64\udd_mi.dll
0x00000000054f0000 - 0x000000000552b000 	C:\Program Files\MATLAB\R2012b\bin\win64\libmwgbtutils.dll
0x0000000005540000 - 0x000000000555b000 	C:\Program Files\MATLAB\R2012b\bin\win64\libmwgbt.dll
0x0000000005570000 - 0x0000000005841000 	C:\Program Files\MATLAB\R2012b\bin\win64\uiw.dll
0x0000000071750000 - 0x000000007175f000 	C:\Program Files\MATLAB\R2012b\bin\win64\uinone.dll
0x0000000005870000 - 0x0000000005899000 	C:\Program Files\MATLAB\R2012b\bin\win64\libmwnativefiledialogs.dll
0x00000000058b0000 - 0x00000000058b8000 	C:\Program Files\MATLAB\R2012b\bin\win64\libmwplatform_res.dll
0x000007fefa0c0000 - 0x000007fefa0d8000 	C:\Windows\system32\MPR.dll
0x0000000065500000 - 0x00000000659e4000 	C:\Windows\WinSxS\amd64_microsoft.vc90.mfc_1fc8b3b9a1e18e3b_9.0.30729.6161_none_044aad0bab1eb146\mfc90.dll
0x000007fefc740000 - 0x000007fefc747000 	C:\Windows\system32\MSIMG32.dll
0x000007fefab30000 - 0x000007fefaba1000 	C:\Windows\system32\WINSPOOL.DRV
0x000000006f400000 - 0x000000006f422000 	C:\Program Files\MATLAB\R2012b\bin\win64\mwoles05.DLL
0x000000006e7f0000 - 0x000000006e86d000 	C:\Program Files\MATLAB\R2012b\bin\win64\comcli.dll
0x0000000070da0000 - 0x0000000070dcf000 	C:\Windows\WinSxS\amd64_microsoft.vc90.atl_1fc8b3b9a1e18e3b_9.0.30729.6161_none_0a1fd3a3a768b895\ATL90.DLL
0x000000006f3f0000 - 0x000000006f3fc000 	C:\Program Files\MATLAB\R2012b\bin\win64\mlautoregister.dll
0x000007fefd6c0000 - 0x000007fefd6ee000 	C:\Windows\system32\IMM32.DLL
0x000007fefeac0000 - 0x000007fefebc9000 	C:\Windows\system32\MSCTF.dll
0x0000000074700000 - 0x0000000074738000 	C:\PROGRA~2\Sophos\SOPHOS~1\SOPHOS~2.DLL
0x000007fefba10000 - 0x000007fefba66000 	C:\Windows\system32\UxTheme.dll
0x000007fefb5e0000 - 0x000007fefb5f8000 	C:\Windows\system32\dwmapi.dll
0x000000006e7e0000 - 0x000000006e7ed000 	C:\Windows\WinSxS\amd64_microsoft.vc90.mfcloc_1fc8b3b9a1e18e3b_9.0.30729.6161_none_01c9581e60cbee58\MFC90ENU.DLL
0x000007fefd2f0000 - 0x000007fefd2ff000 	C:\Windows\system32\profapi.dll
0x0000000005a80000 - 0x0000000005a8f000 	C:\Program Files\MATLAB\R2012b\bin\win64\xmlxrcsc.dll
0x0000000078870000 - 0x0000000078ecd000 	C:\Program Files\MATLAB\R2012b\sys\java\jre\win64\jre\bin\server\jvm.dll
0x000007fefb270000 - 0x000007fefb2ab000 	C:\Windows\system32\WINMM.dll
0x000007fefa7b0000 - 0x000007fefa7c5000 	C:\Windows\system32\NLAapi.dll
0x000007fef7670000 - 0x000007fef7685000 	C:\Windows\system32\napinsp.dll
0x000007fef7650000 - 0x000007fef7669000 	C:\Windows\system32\pnrpnsp.dll
0x000007fefca70000 - 0x000007fefcac5000 	C:\Windows\System32\mswsock.dll
0x000007fefc8f0000 - 0x000007fefc94b000 	C:\Windows\system32\DNSAPI.dll

VM Arguments:
jvm_args: -Xss512k -XX:PermSize=32m -Xms64m -XX:NewRatio=3 -XX:MaxPermSize=128m -Xmx196m -XX:MaxDirectMemorySize=2147400000 -Dsun.java2d.noddraw=true -Dsun.awt.nopixfmt=true -Xshare:off -Xrs -Dsun.awt.disableMixing=true -Djava.library.path=C:\Program Files\MATLAB\R2012b\bin\win64;C:\Program Files\MATLAB\R2012b\sys\jxbrowser\win64\lib vfprintf abort 
java_command: <unknown>
Launcher Type: generic

Environment Variables:
PATH=C:\Windows\system32;C:\Windows;C:\Windows\System32\Wbem;C:\Windows\System32\WindowsPowerShell\v1.0\;C:\Program Files\WIDCOMM\Bluetooth Software\;C:\Program Files\WIDCOMM\Bluetooth Software\syswow64;C:\Program Files\MATLAB\R2012b\bin;C:\Program Files (x86)\MiKTeX 2.9\miktex\bin\;C:\Program Files (x86)\Pandoc\bin
USERNAME=thomas
OS=Windows_NT
PROCESSOR_IDENTIFIER=Intel64 Family 6 Model 58 Stepping 9, GenuineIntel



---------------  S Y S T E M  ---------------

OS: Windows 7 Build 7601 Service Pack 1

CPU:total 4 (8 cores per cpu, 2 threads per core) family 6 model 58 stepping 9, cmov, cx8, fxsr, mmx, sse, sse2, sse3, ssse3, sse4.1, sse4.2, ht

Memory: 4k page, physical 4074100k(1132628k free), swap 8146348k(4385432k free)

vm_info: Java HotSpot(TM) 64-Bit Server VM (14.3-b01) for windows-amd64 JRE (1.6.0_17-b04), built on Oct 11 2009 00:46:08 by "java_re" with MS VC++ 8.0

time: Wed Nov 28 11:09:28 2012
elapsed time: 86262 seconds

